<?xml version="1.0" encoding="UTF-8"?>
<!-- Generated by org.testng.reporters.JUnitXMLReporter -->
<testsuite ignored="0" hostname="nijeshmannuel-Latitude-3510" failures="0" tests="3" name="Default test" time="62.096" errors="0" timestamp="2024-08-02T01:10:47 GMT-07:00">
  <testcase classname="testcases.TC01_Afton_Test" name="afton_login_id_pass" time="20.745"/>
  <testcase classname="testcases.TC01_Afton_Test" name="Account_Home_Page_SideMenu" time="30.658"/>
  <testcase classname="testcases.TC01_Afton_Test" name="Account_Home_Page_SideMenu_collapse_Expand" time="7.619"/>
</testsuite> <!-- Default test -->
