<?xml version="1.0" encoding="UTF-8"?>
<!-- Generated by org.testng.reporters.JUnitXMLReporter -->
<testsuite ignored="2" hostname="nijeshmannuel-Latitude-3510" failures="0" tests="1" name="Default test" time="18.066" errors="0" timestamp="2024-08-01T05:47:50 GMT-07:00">
  <testcase classname="testcases.TC01_Afton_Test" name="Account_Home_Page_SideMenu_collapse_Expand" time="4.724"/>
  <testcase classname="testcases.TC01_Afton_Test" name="afton_login_id_pass" time="0.0">
    <ignored/>
  </testcase> <!-- afton_login_id_pass -->
  <testcase classname="testcases.TC01_Afton_Test" name="Account_Home_Page_SideMenu" time="0.0">
    <ignored/>
  </testcase> <!-- Account_Home_Page_SideMenu -->
</testsuite> <!-- Default test -->
