<?xml version="1.0" encoding="UTF-8"?>
<testng-results ignored="0" total="1" passed="1" failed="0" skipped="0">
  <reporter-output>
  </reporter-output>
  <suite started-at="2024-07-27T08:24:07 GMT-07:00" name="Default suite" finished-at="2024-07-27T08:24:24 GMT-07:00" duration-ms="16601">
    <groups>
    </groups>
    <test started-at="2024-07-27T08:24:07 GMT-07:00" name="Default test" finished-at="2024-07-27T08:24:24 GMT-07:00" duration-ms="16601">
      <class name="testcases.TC01_Afton_Test">
        <test-method is-config="true" signature="beforeTest()[pri:0, instance:testcases.TC01_Afton_Test@7c24b813]" started-at="2024-07-27T08:24:07 GMT-07:00" name="beforeTest" finished-at="2024-07-27T08:24:11 GMT-07:00" duration-ms="3531" status="PASS">
          <reporter-output>
          </reporter-output>
        </test-method> <!-- beforeTest -->
        <test-method signature="afton_login_id_pass()[pri:1, instance:testcases.TC01_Afton_Test@7c24b813]" started-at="2024-07-27T08:24:11 GMT-07:00" name="afton_login_id_pass" finished-at="2024-07-27T08:24:24 GMT-07:00" duration-ms="13010" status="PASS">
          <reporter-output>
          </reporter-output>
        </test-method> <!-- afton_login_id_pass -->
        <test-method is-config="true" signature="afterTest()[pri:0, instance:testcases.TC01_Afton_Test@7c24b813]" started-at="2024-07-27T08:24:24 GMT-07:00" name="afterTest" finished-at="2024-07-27T08:24:24 GMT-07:00" duration-ms="0" status="PASS">
          <reporter-output>
          </reporter-output>
        </test-method> <!-- afterTest -->
      </class> <!-- testcases.TC01_Afton_Test -->
    </test> <!-- Default test -->
  </suite> <!-- Default suite -->
</testng-results>
